Do you wish to login as a standard user or admin?
Logged in as a standard user.
What is the account holder's name?
logged in as John Doe.
transfer: Valid command.
John Doe selected as account holder name for origin transfer.
What is the account number for origin transfer?
Account number 00001 selected for origin transfer.
What is the destination account number
Account number 22222 set as destination account number.
What is the amount to transfer from accounts 00001 to 22222?
Transfer limit exceeded. You must transfer less than $1200.00.
transfer: Valid command.
John Doe selected as account holder name for origin transfer.
What is the account number for origin transfer?
Account number 00001 selected for origin transfer.
What is the destination account number
Account number 22222 set as destination account number.
What is the amount to transfer from accounts 00001 to 22222?
Transfer limit exceeded. You must transfer less than $1000.01.
transfer: Valid command.
John Doe selected as account holder name for origin transfer.
What is the account number for origin transfer?
Account number 00001 selected for origin transfer.
What is the destination account number
Account number 22222 set as destination account number.
What is the amount to transfer from accounts 00001 to 22222?
$1000.00 transferred from accounts 00001 to 22222.
logout: Valid command.
Logout Sucessfully.
