Do you wish to login as a standard user or admin?
Logged in as an admin user.
What is the account holder's name?
Invalid account holder name.
disable: Invalid command. You are required to be logged into the system.
Invalid command.
Invalid command.
Invalid command.
Invalid command.
Invalid command.
trasfer: Invalid command. You are required to be logged into the system.
Invalid command.
Invalid command.
paybill: Invalid command. You are required to be logged into the system.
Invalid command.
Invalid command.
deposit: Invalid command. You are required to be logged into the system.
Invalid command.
Invalid command.
Invalid command.
Invalid command.
Invalid command.
logout: Invalid command. You are required to be logged into the system.
