Do you wish to login as a standard user or admin?
standard session
Logged in as a standard user.
What is the account holder's name?
john doe
logged in as john doe.
withdrawal: Valid command.
john doeset as withdrawal account holder.
What is the account number you wish to withdrawal from?
transfer
transfer: Valid command.
john doe selected as account holder name for origin transfer.
What is the account number for origin transfer?
paybill
paybill: Valid command.
john doe set as the account holder of the bill payment.
What is the account number from which you wish to pay a bill from?
deposit
deposit: Valid command.
What is the account number?
create
create: Invalid command. Admin access required.
delete: Invalid command. Admin access required.
disable: Invalid command. Admin access required.
changeplan: Invalid command. Admin access required.
logout: Valid command.
Logout Sucessfully.
