Do you wish to login as a standard user or admin?
Logged in as a standard user.
What is the account holder's name?
Logged in as John Doe.
withdrawal: Valid command.
What is the account number for withdrawal?
Valid account number 00001.
What is the amount you wish to withdrawal?
$10.00 has been withdrawn from account number 00001.
$11.00 - Invalid withdrawal amount must be divisible by 5. Try again.
$12.00 - Invalid withdrawal amount must be divisible by 5. Try again.
$13.00 - Invalid withdrawal amount must be divisible by 5. Try again.
$14.00 - Invalid withdrawal amount must be divisible by 5. Try again.
$15.00 has been withdrawn from account number 00001.
$16.00 - Invalid withdrawal amount must be divisible by 5. Try again.
$17.00 - Invalid withdrawal amount must be divisible by 5. Try again.
$18.00 - Invalid withdrawal amount must be divisible by 5. Try again.
$19.00 - Invalid withdrawal amount must be divisible by 5. Try again.
$20.00 has been withdrawn from account number 00001.
logout: Valid command.
Logout Successfully.
