Do you wish to login as a standard user or admin?
Logged in as a standard user.
What is the account holder's name?
logged in as John Doe.
withdrawal: Valid command.
John Doe set as withdrawal account holder.
What is the account number you wish to withdrawal from?
transfer: Valid command.
John Doe selected as account holder name for origin transfer.
What is the account number for origin transfer?
paybill: Valid command.
John Doe set as the account holder of the bill payment.
What is the account number from which you wish to pay a bill from?
deposit: Valid command.
John Doe set as the account holder of the deposit.
What is the account number which you wish to deposit to?
create: Invalid command. Admin access required.
delete: Invalid command. Admin access required.
disable: Invalid command. Admin access required.
changeplan: Invalid command. Admin access required.
logout: Valid command.
Logout Sucessfully.
