Do you wish to login as a standard user or admin?
standard session
Logged in as a standard user.
What is the account holder's name?
john doe
logged in as john doe.
Invalid command.
Invalid command.
transfer: Valid command.
john doe selected as account holder name for origin transfer.
What is the account number for origin transfer?
88888
Account number 88888 selected for origin transfer.
What is the destination account number
paybill
Account number paybill set as destination account number.
What is the amount to transfer from accounts 88888 to paybill?
88888
$88888 transferred from accounts 88888 to paybill.
deposit: Valid command.
What is the account number?
88888
Login successful. What is the amount to be deposited?
logout
Deposit completed
$logout successfully deposited ($00.10 deducted for Non - Student Account transaction fees).
Deposited amount usable next day only.
