Do you wish to login as a standard user or admin?
standard session
Logged in as a standard user.
What is the account holder's name?
brian doe
logged in as brian doe.
transfer: Valid command.
brian doe selected as account holder name for origin transfer.
What is the account number for origin transfer?
22222
Account number 22222 selected for origin transfer.
What is the destination account number
44444
Account number 44444 set as destination account number.
What is the amount to transfer from accounts 22222 to 44444?
110.00
$110.00 transferred from accounts 22222 to 44444.
Invalid command.
logout: Valid command.
Logout Sucessfully.
