Do you wish to login as a standard user or admin?
standard session
Logged in as a standard user.
What is the account holder's name?
tom doe
logged in as tom doe.
transfer: Valid command.
tom doe selected as account holder name for origin transfer.
What is the account number for origin transfer?
44444
Account number 44444 selected for origin transfer.
What is the destination account number
00001
Account number 00001 set as destination account number.
What is the amount to transfer from accounts 44444 to 00001?
400.00
$400.00 transferred from accounts 44444 to 00001.
Invalid command.
logout: Valid command.
Logout Sucessfully.
