Do you wish to login as a standard user or admin?
standard session
Logged in as a standard user.
What is the account holder's name?
john doe
logged in as john doe.
transfer: Valid command.
john doe selected as account holder name for origin transfer.
What is the account number for origin transfer?
00001
Account number 00001 selected for origin transfer.
What is the destination account number
22222
Account number 22222 set as destination account number.
What is the amount to transfer from accounts 00001 to 22222?
1200.00
$1200.00 transferred from accounts 00001 to 22222.
Invalid command.
Invalid command.
logout: Valid command.
Logout Sucessfully.
