Do you wish to login as a standard user or admin?
standard session
Logged in as a standard user.
What is the account holder's name?
john doe
logged in as john doe.
withdrawal: Valid command.
john doeset as withdrawal account holder.
What is the account number you wish to withdrawal from?
00001
Valid account number 00001.
What is the amount to withdrawal?
10.00
$10.00 withdrawn from account 00001.
Invalid command.
Invalid command.
Invalid command.
Invalid command.
Invalid command.
Invalid command.
Invalid command.
Invalid command.
Invalid command.
Invalid command.
logout: Valid command.
Logout Sucessfully.
